<?xml version="1.0" encoding="UTF-8"?>
<testsuite xmlns:xsi="http://www.w3.org/2001/XMLSchema-instance" xsi:noNamespaceSchemaLocation="https://maven.apache.org/surefire/maven-surefire-plugin/xsd/surefire-test-report-3.0.xsd" version="3.0" name="com.day4.tests.EcommerceTest" time="14.711" tests="5" errors="0" skipped="0" failures="0">
  <properties>
[...]
</properties>
  <testcase name="test1_searchLaptop" classname="com.day4.tests.EcommerceTest" time="12.573">
    <system-out><![CDATA[✅ Laptop | Thread: 29
⏱ Laptop | Thread: 29 | Time: 3109 ms
✅ Watch | Thread: 31
⏱ Watch | Thread: 31 | Time: 4235 ms
]]></system-out>
  </testcase>
  <testcase name="test3_searchShoes" classname="com.day4.tests.EcommerceTest" time="13.374">
    <system-out><![CDATA[✅ Shoes | Thread: 27
⏱ Shoes | Thread: 27 | Time: 4277 ms
]]></system-out>
  </testcase>
  <testcase name="test4_searchWatch" classname="com.day4.tests.EcommerceTest" time="13.847">
    <system-out><![CDATA[✅ Mobile | Thread: 28
⏱ Mobile | Thread: 28 | Time: 4579 ms
]]></system-out>
  </testcase>
  <testcase name="test2_searchMobile" classname="com.day4.tests.EcommerceTest" time="13.932"/>
  <testcase name="test5_searchBooks" classname="com.day4.tests.EcommerceTest" time="14.398">
    <system-out><![CDATA[✅ Books | Thread: 30
⏱ Books | Thread: 30 | Time: 6308 ms
]]></system-out>
  </testcase>
</testsuite>